\BOOKMARK [0][-]{chapter.1}{\376\377\000O\000D\000E\122\035\176\247\211\343\154\325}{}% 1
\BOOKMARK [1][-]{section.1.1}{\376\377\000c\000o\000n\000c\000e\000p\000t\000i\000o\000n}{chapter.1}% 2
\BOOKMARK [1][-]{section.1.2}{\376\377\116\000\226\066\145\271\172\013\166\204\122\035\173\111\211\343\154\325}{chapter.1}% 3
\BOOKMARK [2][-]{subsection.1.2.1}{\376\377\122\006\171\273\123\330\221\317\154\325}{section.1.2}% 4
\BOOKMARK [1][-]{section.1.3}{\376\377\133\374\145\160\147\052\211\343\121\372\166\204\116\000\226\066\145\271\172\013}{chapter.1}% 5
\BOOKMARK [1][-]{section.1.4}{\376\377\137\256\122\006\145\271\172\013\176\304\166\204\122\035\173\111\171\357\122\006\154\325\116\016\231\226\153\041\171\357\122\006}{chapter.1}% 6
\BOOKMARK [2][-]{subsection.1.4.1}{\376\377\217\154\123\026\116\072\232\330\226\066\145\271\172\013}{section.1.4}% 7
\BOOKMARK [2][-]{subsection.1.4.2}{\376\377\231\226\153\041\171\357\122\006\154\325}{section.1.4}% 8
\BOOKMARK [0][-]{chapter.2}{\376\377\136\070\174\373\145\160\176\277\140\047\137\256\122\006\145\271\172\013}{}% 9
\BOOKMARK [1][-]{section.2.1}{\376\377\116\214\226\066\136\070\174\373\145\160\176\277\140\047\137\256\122\006\145\271\172\013\166\204\154\102\211\343}{chapter.2}% 10
\BOOKMARK [1][-]{section.2.2}{\376\377\116\214\226\066\227\136\237\120\153\041\137\256\122\006\145\271\172\013\040\024\040\024\136\070\145\160\123\330\146\023\154\325}{chapter.2}% 11
\BOOKMARK [0][-]{chapter.3}{\376\377\176\277\140\047\136\070\137\256\122\006\145\271\172\013\176\304}{}% 12
\BOOKMARK [1][-]{section.3.1}{\376\377\167\351\226\065\120\074\121\375\145\160\116\016\124\021\221\317\120\074}{chapter.3}% 13
\BOOKMARK [2][-]{subsection.3.1.1}{\376\377\167\351\226\065\116\016\124\021\221\317\166\204\203\003\145\160}{section.3.1}% 14
\BOOKMARK [2][-]{subsection.3.1.2}{\376\377\176\277\140\047\137\256\122\006\145\271\172\013\176\304\166\204\167\351\226\065\210\150\171\072}{section.3.1}% 15
\BOOKMARK [2][-]{subsection.3.1.3}{\376\377\000e\000A\000t}{section.3.1}% 16
\BOOKMARK [1][-]{section.3.2}{\376\377\136\070\174\373\145\160\137\256\122\006\145\271\172\013\176\304\166\204\154\102\211\343}{chapter.3}% 17
\BOOKMARK [1][-]{section.3.3}{\376\377\122\035\120\074\225\356\230\230\211\343\166\204\133\130\127\050\125\057\116\000\140\047}{chapter.3}% 18
\BOOKMARK [1][-]{section.3.4}{\376\377\211\343\166\204\176\323\147\204}{chapter.3}% 19
\BOOKMARK [2][-]{subsection.3.4.1}{\376\377\122\030\176\364\134\024\121\154\137\017}{section.3.4}% 20
\BOOKMARK [2][-]{subsection.3.4.2}{\376\377\136\070\145\160\123\330\146\023\121\154\137\017}{section.3.4}% 21
\BOOKMARK [1][-]{section.3.5}{\376\377\116\214\226\066\123\330\174\373\145\160\176\277\140\047\137\256\122\006\145\271\172\013}{chapter.3}% 22
